{"/home/node/app/src/app.js": {"path":"/home/node/app/src/app.js","statementMap":{"0":{"start":{"line":1,"column":16},"end":{"line":1,"column":34}},"1":{"start":{"line":2,"column":15},"end":{"line":2,"column":32}},"2":{"start":{"line":3,"column":13},"end":{"line":3,"column":28}},"3":{"start":{"line":4,"column":19},"end":{"line":4,"column":41}},"4":{"start":{"line":5,"column":22},"end":{"line":5,"column":53}},"5":{"start":{"line":6,"column":18},"end":{"line":6,"column":45}},"6":{"start":{"line":8,"column":12},"end":{"line":8,"column":21}},"7":{"start":{"line":12,"column":0},"end":{"line":12,"column":23}},"8":{"start":{"line":13,"column":0},"end":{"line":13,"column":16}},"9":{"start":{"line":14,"column":0},"end":{"line":14,"column":52}},"10":{"start":{"line":15,"column":0},"end":{"line":15,"column":43}},"11":{"start":{"line":19,"column":0},"end":{"line":19,"column":42}},"12":{"start":{"line":20,"column":0},"end":{"line":20,"column":34}},"13":{"start":{"line":23,"column":0},"end":{"line":27,"column":3}},"14":{"start":{"line":24,"column":4},"end":{"line":24,"column":42}},"15":{"start":{"line":26,"column":4},"end":{"line":26,"column":40}},"16":{"start":{"line":26,"column":23},"end":{"line":26,"column":38}},"17":{"start":{"line":29,"column":0},"end":{"line":29,"column":20}}},"fnMap":{"0":{"name":"(anonymous_0)","decl":{"start":{"line":23,"column":33},"end":{"line":23,"column":34}},"loc":{"start":{"line":23,"column":51},"end":{"line":27,"column":1}},"line":23},"1":{"name":"(anonymous_1)","decl":{"start":{"line":26,"column":17},"end":{"line":26,"column":18}},"loc":{"start":{"line":26,"column":23},"end":{"line":26,"column":38}},"line":26}},"branchMap":{},"s":{"0":1,"1":1,"2":1,"3":1,"4":1,"5":1,"6":1,"7":1,"8":1,"9":1,"10":1,"11":1,"12":1,"13":1,"14":0,"15":0,"16":0,"17":1},"f":{"0":0,"1":0},"b":{},"_coverageSchema":"1a1c01bbd47fc00a2c39e90264f33305004495a9","hash":"11755320a446e787636ebdf248fd2fc8d7098f48"}
,"/home/node/app/src/index.js": {"path":"/home/node/app/src/index.js","statementMap":{"0":{"start":{"line":1,"column":12},"end":{"line":1,"column":28}},"1":{"start":{"line":2,"column":0},"end":{"line":2,"column":32}},"2":{"start":{"line":4,"column":13},"end":{"line":4,"column":41}},"3":{"start":{"line":5,"column":0},"end":{"line":5,"column":68}},"4":{"start":{"line":5,"column":22},"end":{"line":5,"column":67}}},"fnMap":{"0":{"name":"(anonymous_0)","decl":{"start":{"line":5,"column":16},"end":{"line":5,"column":17}},"loc":{"start":{"line":5,"column":22},"end":{"line":5,"column":67}},"line":5}},"branchMap":{"0":{"loc":{"start":{"line":4,"column":13},"end":{"line":4,"column":41}},"type":"binary-expr","locations":[{"start":{"line":4,"column":13},"end":{"line":4,"column":33}},{"start":{"line":4,"column":37},"end":{"line":4,"column":41}}],"line":4}},"s":{"0":1,"1":1,"2":1,"3":1,"4":0},"f":{"0":0},"b":{"0":[1,0]},"_coverageSchema":"1a1c01bbd47fc00a2c39e90264f33305004495a9","hash":"890ea9f834ca975e3f4b9885a76c16a440cf5158"}
,"/home/node/app/src/api/sls/controller.js": {"path":"/home/node/app/src/api/sls/controller.js","statementMap":{"0":{"start":{"line":1,"column":13},"end":{"line":1,"column":42}},"1":{"start":{"line":2,"column":18},"end":{"line":2,"column":54}},"2":{"start":{"line":3,"column":21},"end":{"line":3,"column":49}},"3":{"start":{"line":4,"column":22},"end":{"line":4,"column":58}},"4":{"start":{"line":5,"column":18},"end":{"line":5,"column":41}},"5":{"start":{"line":6,"column":31},"end":{"line":6,"column":79}},"6":{"start":{"line":12,"column":18},"end":{"line":27,"column":2}},"7":{"start":{"line":13,"column":18},"end":{"line":13,"column":31}},"8":{"start":{"line":15,"column":15},"end":{"line":15,"column":60}},"9":{"start":{"line":16,"column":70},"end":{"line":16,"column":78}},"10":{"start":{"line":18,"column":1},"end":{"line":19,"column":74}},"11":{"start":{"line":19,"column":2},"end":{"line":19,"column":73}},"12":{"start":{"line":21,"column":1},"end":{"line":26,"column":73}},"13":{"start":{"line":22,"column":2},"end":{"line":24,"column":107}},"14":{"start":{"line":23,"column":3},"end":{"line":23,"column":72}},"15":{"start":{"line":23,"column":12},"end":{"line":23,"column":72}},"16":{"start":{"line":24,"column":3},"end":{"line":24,"column":104}},"17":{"start":{"line":26,"column":2},"end":{"line":26,"column":72}},"18":{"start":{"line":33,"column":15},"end":{"line":47,"column":2}},"19":{"start":{"line":34,"column":12},"end":{"line":34,"column":35}},"20":{"start":{"line":36,"column":1},"end":{"line":37,"column":53}},"21":{"start":{"line":37,"column":2},"end":{"line":37,"column":52}},"22":{"start":{"line":39,"column":15},"end":{"line":39,"column":57}},"23":{"start":{"line":41,"column":1},"end":{"line":46,"column":4}},"24":{"start":{"line":42,"column":2},"end":{"line":44,"column":6}},"25":{"start":{"line":42,"column":53},"end":{"line":44,"column":6}},"26":{"start":{"line":45,"column":2},"end":{"line":45,"column":65}},"27":{"start":{"line":53,"column":18},"end":{"line":60,"column":2}},"28":{"start":{"line":54,"column":15},"end":{"line":54,"column":61}},"29":{"start":{"line":56,"column":1},"end":{"line":59,"column":4}},"30":{"start":{"line":57,"column":8},"end":{"line":57,"column":77}},"31":{"start":{"line":57,"column":17},"end":{"line":57,"column":77}},"32":{"start":{"line":58,"column":2},"end":{"line":58,"column":62}},"33":{"start":{"line":66,"column":17},"end":{"line":75,"column":2}},"34":{"start":{"line":67,"column":12},"end":{"line":67,"column":35}},"35":{"start":{"line":68,"column":15},"end":{"line":68,"column":58}},"36":{"start":{"line":70,"column":1},"end":{"line":74,"column":4}},"37":{"start":{"line":71,"column":2},"end":{"line":71,"column":72}},"38":{"start":{"line":71,"column":11},"end":{"line":71,"column":72}},"39":{"start":{"line":72,"column":2},"end":{"line":72,"column":103}},"40":{"start":{"line":83,"column":18},"end":{"line":91,"column":2}},"41":{"start":{"line":84,"column":12},"end":{"line":84,"column":35}},"42":{"start":{"line":85,"column":15},"end":{"line":85,"column":60}},"43":{"start":{"line":87,"column":1},"end":{"line":90,"column":4}},"44":{"start":{"line":88,"column":2},"end":{"line":88,"column":71}},"45":{"start":{"line":88,"column":11},"end":{"line":88,"column":71}},"46":{"start":{"line":89,"column":2},"end":{"line":89,"column":86}},"47":{"start":{"line":94,"column":0},"end":{"line":94,"column":65}}},"fnMap":{"0":{"name":"(anonymous_0)","decl":{"start":{"line":12,"column":31},"end":{"line":12,"column":32}},"loc":{"start":{"line":12,"column":57},"end":{"line":27,"column":1}},"line":12},"1":{"name":"(anonymous_1)","decl":{"start":{"line":22,"column":89},"end":{"line":22,"column":90}},"loc":{"start":{"line":22,"column":107},"end":{"line":24,"column":105}},"line":22},"2":{"name":"(anonymous_2)","decl":{"start":{"line":33,"column":28},"end":{"line":33,"column":29}},"loc":{"start":{"line":33,"column":54},"end":{"line":47,"column":1}},"line":33},"3":{"name":"(anonymous_3)","decl":{"start":{"line":41,"column":25},"end":{"line":41,"column":26}},"loc":{"start":{"line":41,"column":43},"end":{"line":46,"column":2}},"line":41},"4":{"name":"(anonymous_4)","decl":{"start":{"line":53,"column":31},"end":{"line":53,"column":32}},"loc":{"start":{"line":53,"column":57},"end":{"line":60,"column":1}},"line":53},"5":{"name":"(anonymous_5)","decl":{"start":{"line":56,"column":19},"end":{"line":56,"column":20}},"loc":{"start":{"line":56,"column":37},"end":{"line":59,"column":2}},"line":56},"6":{"name":"(anonymous_6)","decl":{"start":{"line":66,"column":30},"end":{"line":66,"column":31}},"loc":{"start":{"line":66,"column":56},"end":{"line":75,"column":1}},"line":66},"7":{"name":"(anonymous_7)","decl":{"start":{"line":70,"column":20},"end":{"line":70,"column":21}},"loc":{"start":{"line":70,"column":43},"end":{"line":74,"column":2}},"line":70},"8":{"name":"(anonymous_8)","decl":{"start":{"line":83,"column":31},"end":{"line":83,"column":32}},"loc":{"start":{"line":83,"column":57},"end":{"line":91,"column":1}},"line":83},"9":{"name":"(anonymous_9)","decl":{"start":{"line":87,"column":25},"end":{"line":87,"column":26}},"loc":{"start":{"line":87,"column":43},"end":{"line":90,"column":2}},"line":87}},"branchMap":{"0":{"loc":{"start":{"line":18,"column":1},"end":{"line":19,"column":74}},"type":"if","locations":[{"start":{"line":18,"column":1},"end":{"line":19,"column":74}},{"start":{"line":18,"column":1},"end":{"line":19,"column":74}}],"line":18},"1":{"loc":{"start":{"line":18,"column":5},"end":{"line":18,"column":74}},"type":"binary-expr","locations":[{"start":{"line":18,"column":5},"end":{"line":18,"column":18}},{"start":{"line":18,"column":22},"end":{"line":18,"column":33}},{"start":{"line":18,"column":37},"end":{"line":18,"column":51}},{"start":{"line":18,"column":55},"end":{"line":18,"column":74}}],"line":18},"2":{"loc":{"start":{"line":21,"column":1},"end":{"line":26,"column":73}},"type":"if","locations":[{"start":{"line":21,"column":1},"end":{"line":26,"column":73}},{"start":{"line":21,"column":1},"end":{"line":26,"column":73}}],"line":21},"3":{"loc":{"start":{"line":21,"column":5},"end":{"line":21,"column":160}},"type":"binary-expr","locations":[{"start":{"line":21,"column":5},"end":{"line":21,"column":22}},{"start":{"line":21,"column":26},"end":{"line":21,"column":46}},{"start":{"line":21,"column":50},"end":{"line":21,"column":65}},{"start":{"line":21,"column":69},"end":{"line":21,"column":89}},{"start":{"line":21,"column":93},"end":{"line":21,"column":111}},{"start":{"line":21,"column":115},"end":{"line":21,"column":135}},{"start":{"line":21,"column":139},"end":{"line":21,"column":160}}],"line":21},"4":{"loc":{"start":{"line":23,"column":3},"end":{"line":23,"column":72}},"type":"if","locations":[{"start":{"line":23,"column":3},"end":{"line":23,"column":72}},{"start":{"line":23,"column":3},"end":{"line":23,"column":72}}],"line":23},"5":{"loc":{"start":{"line":36,"column":1},"end":{"line":37,"column":53}},"type":"if","locations":[{"start":{"line":36,"column":1},"end":{"line":37,"column":53}},{"start":{"line":36,"column":1},"end":{"line":37,"column":53}}],"line":36},"6":{"loc":{"start":{"line":42,"column":2},"end":{"line":44,"column":6}},"type":"if","locations":[{"start":{"line":42,"column":2},"end":{"line":44,"column":6}},{"start":{"line":42,"column":2},"end":{"line":44,"column":6}}],"line":42},"7":{"loc":{"start":{"line":42,"column":6},"end":{"line":42,"column":51}},"type":"binary-expr","locations":[{"start":{"line":42,"column":6},"end":{"line":42,"column":9}},{"start":{"line":42,"column":13},"end":{"line":42,"column":51}}],"line":42},"8":{"loc":{"start":{"line":57,"column":8},"end":{"line":57,"column":77}},"type":"if","locations":[{"start":{"line":57,"column":8},"end":{"line":57,"column":77}},{"start":{"line":57,"column":8},"end":{"line":57,"column":77}}],"line":57},"9":{"loc":{"start":{"line":71,"column":2},"end":{"line":71,"column":72}},"type":"if","locations":[{"start":{"line":71,"column":2},"end":{"line":71,"column":72}},{"start":{"line":71,"column":2},"end":{"line":71,"column":72}}],"line":71},"10":{"loc":{"start":{"line":88,"column":2},"end":{"line":88,"column":71}},"type":"if","locations":[{"start":{"line":88,"column":2},"end":{"line":88,"column":71}},{"start":{"line":88,"column":2},"end":{"line":88,"column":71}}],"line":88}},"s":{"0":1,"1":1,"2":1,"3":1,"4":1,"5":1,"6":1,"7":0,"8":0,"9":0,"10":0,"11":0,"12":0,"13":0,"14":0,"15":0,"16":0,"17":0,"18":1,"19":0,"20":0,"21":0,"22":0,"23":0,"24":0,"25":0,"26":0,"27":1,"28":0,"29":0,"30":0,"31":0,"32":0,"33":1,"34":0,"35":0,"36":0,"37":0,"38":0,"39":0,"40":1,"41":0,"42":0,"43":0,"44":0,"45":0,"46":0,"47":1},"f":{"0":0,"1":0,"2":0,"3":0,"4":0,"5":0,"6":0,"7":0,"8":0,"9":0},"b":{"0":[0,0],"1":[0,0,0,0],"2":[0,0],"3":[0,0,0,0,0,0,0],"4":[0,0],"5":[0,0],"6":[0,0],"7":[0,0],"8":[0,0],"9":[0,0],"10":[0,0]},"_coverageSchema":"1a1c01bbd47fc00a2c39e90264f33305004495a9","hash":"85d4b417d5af6ae5e3d7b8f9a88dd72ecdaa2bbe"}
,"/home/node/app/src/api/sls/router.js": {"path":"/home/node/app/src/api/sls/router.js","statementMap":{"0":{"start":{"line":1,"column":15},"end":{"line":1,"column":33}},"1":{"start":{"line":2,"column":20},"end":{"line":2,"column":43}},"2":{"start":{"line":4,"column":15},"end":{"line":4,"column":23}},"3":{"start":{"line":6,"column":0},"end":{"line":11,"column":38}},"4":{"start":{"line":13,"column":0},"end":{"line":13,"column":23}}},"fnMap":{},"branchMap":{},"s":{"0":1,"1":1,"2":1,"3":1,"4":1},"f":{},"b":{},"_coverageSchema":"1a1c01bbd47fc00a2c39e90264f33305004495a9","hash":"4f90502fda286be63884b2de4df35fc62ff9adee"}
,"/home/node/app/src/api/tickets/controller.js": {"path":"/home/node/app/src/api/tickets/controller.js","statementMap":{"0":{"start":{"line":1,"column":13},"end":{"line":1,"column":42}},"1":{"start":{"line":2,"column":18},"end":{"line":2,"column":54}},"2":{"start":{"line":3,"column":21},"end":{"line":3,"column":49}},"3":{"start":{"line":4,"column":18},"end":{"line":4,"column":41}},"4":{"start":{"line":5,"column":22},"end":{"line":5,"column":58}},"5":{"start":{"line":6,"column":23},"end":{"line":6,"column":38}},"6":{"start":{"line":7,"column":15},"end":{"line":7,"column":41}},"7":{"start":{"line":13,"column":21},"end":{"line":65,"column":2}},"8":{"start":{"line":14,"column":18},"end":{"line":14,"column":31}},"9":{"start":{"line":15,"column":19},"end":{"line":15,"column":27}},"10":{"start":{"line":16,"column":14},"end":{"line":16,"column":22}},"11":{"start":{"line":19,"column":18},"end":{"line":19,"column":60}},"12":{"start":{"line":20,"column":21},"end":{"line":20,"column":74}},"13":{"start":{"line":21,"column":21},"end":{"line":21,"column":74}},"14":{"start":{"line":22,"column":19},"end":{"line":22,"column":70}},"15":{"start":{"line":23,"column":24},"end":{"line":23,"column":70}},"16":{"start":{"line":24,"column":21},"end":{"line":24,"column":69}},"17":{"start":{"line":27,"column":19},"end":{"line":27,"column":49}},"18":{"start":{"line":28,"column":22},"end":{"line":28,"column":65}},"19":{"start":{"line":29,"column":1},"end":{"line":33,"column":2}},"20":{"start":{"line":30,"column":2},"end":{"line":30,"column":57}},"21":{"start":{"line":32,"column":2},"end":{"line":32,"column":41}},"22":{"start":{"line":35,"column":1},"end":{"line":37,"column":2}},"23":{"start":{"line":36,"column":2},"end":{"line":36,"column":81}},"24":{"start":{"line":40,"column":26},"end":{"line":40,"column":65}},"25":{"start":{"line":41,"column":69},"end":{"line":41,"column":79}},"26":{"start":{"line":44,"column":29},"end":{"line":44,"column":84}},"27":{"start":{"line":47,"column":13},"end":{"line":47,"column":45}},"28":{"start":{"line":48,"column":11},"end":{"line":48,"column":16}},"29":{"start":{"line":49,"column":1},"end":{"line":49,"column":50}},"30":{"start":{"line":49,"column":30},"end":{"line":49,"column":49}},"31":{"start":{"line":50,"column":21},"end":{"line":50,"column":92}},"32":{"start":{"line":53,"column":25},"end":{"line":53,"column":55}},"33":{"start":{"line":54,"column":1},"end":{"line":54,"column":53}},"34":{"start":{"line":56,"column":22},"end":{"line":56,"column":27}},"35":{"start":{"line":57,"column":1},"end":{"line":57,"column":51}},"36":{"start":{"line":57,"column":30},"end":{"line":57,"column":51}},"37":{"start":{"line":58,"column":1},"end":{"line":58,"column":105}},"38":{"start":{"line":58,"column":31},"end":{"line":58,"column":105}},"39":{"start":{"line":61,"column":1},"end":{"line":64,"column":4}},"40":{"start":{"line":62,"column":2},"end":{"line":62,"column":71}},"41":{"start":{"line":62,"column":11},"end":{"line":62,"column":71}},"42":{"start":{"line":63,"column":2},"end":{"line":63,"column":72}},"43":{"start":{"line":71,"column":18},"end":{"line":81,"column":2}},"44":{"start":{"line":72,"column":12},"end":{"line":72,"column":25}},"45":{"start":{"line":73,"column":15},"end":{"line":73,"column":60}},"46":{"start":{"line":76,"column":1},"end":{"line":79,"column":4}},"47":{"start":{"line":77,"column":2},"end":{"line":77,"column":71}},"48":{"start":{"line":77,"column":11},"end":{"line":77,"column":71}},"49":{"start":{"line":78,"column":2},"end":{"line":78,"column":65}},"50":{"start":{"line":88,"column":19},"end":{"line":95,"column":2}},"51":{"start":{"line":89,"column":15},"end":{"line":89,"column":65}},"52":{"start":{"line":91,"column":1},"end":{"line":94,"column":4}},"53":{"start":{"line":92,"column":8},"end":{"line":92,"column":77}},"54":{"start":{"line":92,"column":17},"end":{"line":92,"column":77}},"55":{"start":{"line":93,"column":2},"end":{"line":93,"column":62}},"56":{"start":{"line":98,"column":0},"end":{"line":98,"column":52}}},"fnMap":{"0":{"name":"(anonymous_0)","decl":{"start":{"line":13,"column":34},"end":{"line":13,"column":35}},"loc":{"start":{"line":13,"column":60},"end":{"line":65,"column":1}},"line":13},"1":{"name":"(anonymous_1)","decl":{"start":{"line":49,"column":20},"end":{"line":49,"column":21}},"loc":{"start":{"line":49,"column":30},"end":{"line":49,"column":49}},"line":49},"2":{"name":"(anonymous_2)","decl":{"start":{"line":61,"column":48},"end":{"line":61,"column":49}},"loc":{"start":{"line":61,"column":66},"end":{"line":64,"column":2}},"line":61},"3":{"name":"(anonymous_3)","decl":{"start":{"line":71,"column":31},"end":{"line":71,"column":32}},"loc":{"start":{"line":71,"column":57},"end":{"line":81,"column":1}},"line":71},"4":{"name":"(anonymous_4)","decl":{"start":{"line":76,"column":24},"end":{"line":76,"column":25}},"loc":{"start":{"line":76,"column":42},"end":{"line":79,"column":2}},"line":76},"5":{"name":"(anonymous_5)","decl":{"start":{"line":88,"column":32},"end":{"line":88,"column":33}},"loc":{"start":{"line":88,"column":58},"end":{"line":95,"column":1}},"line":88},"6":{"name":"(anonymous_6)","decl":{"start":{"line":91,"column":19},"end":{"line":91,"column":20}},"loc":{"start":{"line":91,"column":37},"end":{"line":94,"column":2}},"line":91}},"branchMap":{"0":{"loc":{"start":{"line":29,"column":1},"end":{"line":33,"column":2}},"type":"if","locations":[{"start":{"line":29,"column":1},"end":{"line":33,"column":2}},{"start":{"line":29,"column":1},"end":{"line":33,"column":2}}],"line":29},"1":{"loc":{"start":{"line":29,"column":5},"end":{"line":29,"column":140}},"type":"binary-expr","locations":[{"start":{"line":29,"column":5},"end":{"line":29,"column":24}},{"start":{"line":29,"column":29},"end":{"line":29,"column":94}},{"start":{"line":29,"column":99},"end":{"line":29,"column":139}}],"line":29},"2":{"loc":{"start":{"line":35,"column":1},"end":{"line":37,"column":2}},"type":"if","locations":[{"start":{"line":35,"column":1},"end":{"line":37,"column":2}},{"start":{"line":35,"column":1},"end":{"line":37,"column":2}}],"line":35},"3":{"loc":{"start":{"line":35,"column":5},"end":{"line":35,"column":42}},"type":"binary-expr","locations":[{"start":{"line":35,"column":5},"end":{"line":35,"column":11}},{"start":{"line":35,"column":15},"end":{"line":35,"column":24}},{"start":{"line":35,"column":28},"end":{"line":35,"column":42}}],"line":35},"4":{"loc":{"start":{"line":50,"column":21},"end":{"line":50,"column":92}},"type":"cond-expr","locations":[{"start":{"line":50,"column":33},"end":{"line":50,"column":37}},{"start":{"line":50,"column":41},"end":{"line":50,"column":91}}],"line":50},"5":{"loc":{"start":{"line":50,"column":41},"end":{"line":50,"column":91}},"type":"cond-expr","locations":[{"start":{"line":50,"column":74},"end":{"line":50,"column":79}},{"start":{"line":50,"column":82},"end":{"line":50,"column":91}}],"line":50},"6":{"loc":{"start":{"line":50,"column":41},"end":{"line":50,"column":71}},"type":"binary-expr","locations":[{"start":{"line":50,"column":41},"end":{"line":50,"column":51}},{"start":{"line":50,"column":55},"end":{"line":50,"column":71}}],"line":50},"7":{"loc":{"start":{"line":57,"column":1},"end":{"line":57,"column":51}},"type":"if","locations":[{"start":{"line":57,"column":1},"end":{"line":57,"column":51}},{"start":{"line":57,"column":1},"end":{"line":57,"column":51}}],"line":57},"8":{"loc":{"start":{"line":58,"column":1},"end":{"line":58,"column":105}},"type":"if","locations":[{"start":{"line":58,"column":1},"end":{"line":58,"column":105}},{"start":{"line":58,"column":1},"end":{"line":58,"column":105}}],"line":58},"9":{"loc":{"start":{"line":62,"column":2},"end":{"line":62,"column":71}},"type":"if","locations":[{"start":{"line":62,"column":2},"end":{"line":62,"column":71}},{"start":{"line":62,"column":2},"end":{"line":62,"column":71}}],"line":62},"10":{"loc":{"start":{"line":77,"column":2},"end":{"line":77,"column":71}},"type":"if","locations":[{"start":{"line":77,"column":2},"end":{"line":77,"column":71}},{"start":{"line":77,"column":2},"end":{"line":77,"column":71}}],"line":77},"11":{"loc":{"start":{"line":92,"column":8},"end":{"line":92,"column":77}},"type":"if","locations":[{"start":{"line":92,"column":8},"end":{"line":92,"column":77}},{"start":{"line":92,"column":8},"end":{"line":92,"column":77}}],"line":92}},"s":{"0":2,"1":2,"2":2,"3":2,"4":2,"5":2,"6":2,"7":2,"8":0,"9":0,"10":0,"11":0,"12":0,"13":0,"14":0,"15":0,"16":0,"17":0,"18":0,"19":0,"20":0,"21":0,"22":0,"23":0,"24":0,"25":0,"26":0,"27":0,"28":0,"29":0,"30":0,"31":0,"32":0,"33":0,"34":0,"35":0,"36":0,"37":0,"38":0,"39":0,"40":0,"41":0,"42":0,"43":2,"44":0,"45":0,"46":0,"47":0,"48":0,"49":0,"50":2,"51":0,"52":0,"53":0,"54":0,"55":0,"56":2},"f":{"0":0,"1":0,"2":0,"3":0,"4":0,"5":0,"6":0},"b":{"0":[0,0],"1":[0,0,0],"2":[0,0],"3":[0,0,0],"4":[0,0],"5":[0,0],"6":[0,0],"7":[0,0],"8":[0,0],"9":[0,0],"10":[0,0],"11":[0,0]},"_coverageSchema":"1a1c01bbd47fc00a2c39e90264f33305004495a9","hash":"d843b5250c613f43ed04e3de837c084d08f021ae"}
,"/home/node/app/src/api/tickets/router.js": {"path":"/home/node/app/src/api/tickets/router.js","statementMap":{"0":{"start":{"line":1,"column":15},"end":{"line":1,"column":33}},"1":{"start":{"line":2,"column":20},"end":{"line":2,"column":43}},"2":{"start":{"line":4,"column":15},"end":{"line":4,"column":23}},"3":{"start":{"line":6,"column":0},"end":{"line":9,"column":38}},"4":{"start":{"line":12,"column":0},"end":{"line":12,"column":23}}},"fnMap":{},"branchMap":{},"s":{"0":2,"1":2,"2":2,"3":1,"4":1},"f":{},"b":{},"_coverageSchema":"1a1c01bbd47fc00a2c39e90264f33305004495a9","hash":"21e732db468512989a8cfc43fdfee0b9708af47b"}
,"/home/node/app/src/config/db.js": {"path":"/home/node/app/src/config/db.js","statementMap":{"0":{"start":{"line":1,"column":17},"end":{"line":1,"column":30}},"1":{"start":{"line":2,"column":0},"end":{"line":9,"column":2}},"2":{"start":{"line":11,"column":13},"end":{"line":18,"column":2}},"3":{"start":{"line":20,"column":0},"end":{"line":20,"column":22}}},"fnMap":{},"branchMap":{},"s":{"0":2,"1":2,"2":2,"3":2},"f":{},"b":{},"_coverageSchema":"1a1c01bbd47fc00a2c39e90264f33305004495a9","hash":"9b5614aea8ccc769412bcd0486accf77a6305d92"}
,"/home/node/app/src/utils/async.js": {"path":"/home/node/app/src/utils/async.js","statementMap":{"0":{"start":{"line":1,"column":21},"end":{"line":3,"column":3}},"1":{"start":{"line":1,"column":27},"end":{"line":3,"column":3}},"2":{"start":{"line":2,"column":4},"end":{"line":2,"column":52}},"3":{"start":{"line":5,"column":2},"end":{"line":5,"column":32}}},"fnMap":{"0":{"name":"(anonymous_0)","decl":{"start":{"line":1,"column":21},"end":{"line":1,"column":22}},"loc":{"start":{"line":1,"column":27},"end":{"line":3,"column":3}},"line":1},"1":{"name":"(anonymous_1)","decl":{"start":{"line":1,"column":27},"end":{"line":1,"column":28}},"loc":{"start":{"line":1,"column":47},"end":{"line":3,"column":3}},"line":1}},"branchMap":{},"s":{"0":2,"1":11,"2":0,"3":2},"f":{"0":11,"1":0},"b":{},"_coverageSchema":"1a1c01bbd47fc00a2c39e90264f33305004495a9","hash":"397fb6481d7423c57d0a3f5c1605d5628eb434f9"}
,"/home/node/app/src/utils/errorResponse.js": {"path":"/home/node/app/src/utils/errorResponse.js","statementMap":{"0":{"start":{"line":3,"column":6},"end":{"line":3,"column":21}},"1":{"start":{"line":4,"column":6},"end":{"line":4,"column":35}},"2":{"start":{"line":8,"column":2},"end":{"line":8,"column":33}}},"fnMap":{"0":{"name":"(anonymous_0)","decl":{"start":{"line":2,"column":4},"end":{"line":2,"column":5}},"loc":{"start":{"line":2,"column":37},"end":{"line":5,"column":5}},"line":2}},"branchMap":{},"s":{"0":0,"1":0,"2":2},"f":{"0":0},"b":{},"_coverageSchema":"1a1c01bbd47fc00a2c39e90264f33305004495a9","hash":"007711f8d086b6c33187d32ef3b5d7895239d0a9"}
,"/home/node/app/src/utils/generate-insert-sls-query.js": {"path":"/home/node/app/src/utils/generate-insert-sls-query.js","statementMap":{"0":{"start":{"line":1,"column":31},"end":{"line":22,"column":1}},"1":{"start":{"line":2,"column":25},"end":{"line":4,"column":2}},"2":{"start":{"line":3,"column":13},"end":{"line":3,"column":99}},"3":{"start":{"line":6,"column":15},"end":{"line":19,"column":3}},"4":{"start":{"line":10,"column":43},"end":{"line":10,"column":66}},"5":{"start":{"line":21,"column":1},"end":{"line":21,"column":14}},"6":{"start":{"line":24,"column":0},"end":{"line":24,"column":41}}},"fnMap":{"0":{"name":"(anonymous_0)","decl":{"start":{"line":1,"column":31},"end":{"line":1,"column":32}},"loc":{"start":{"line":1,"column":39},"end":{"line":22,"column":1}},"line":1},"1":{"name":"(anonymous_1)","decl":{"start":{"line":3,"column":2},"end":{"line":3,"column":3}},"loc":{"start":{"line":3,"column":13},"end":{"line":3,"column":99}},"line":3},"2":{"name":"(anonymous_2)","decl":{"start":{"line":10,"column":25},"end":{"line":10,"column":26}},"loc":{"start":{"line":10,"column":43},"end":{"line":10,"column":66}},"line":10}},"branchMap":{},"s":{"0":1,"1":0,"2":0,"3":0,"4":0,"5":0,"6":1},"f":{"0":0,"1":0,"2":0},"b":{},"_coverageSchema":"1a1c01bbd47fc00a2c39e90264f33305004495a9","hash":"ad304983c154a1f8886d70562c6ae713fb37e939"}
,"/home/node/app/src/utils/load-query.js": {"path":"/home/node/app/src/utils/load-query.js","statementMap":{"0":{"start":{"line":1,"column":11},"end":{"line":1,"column":24}},"1":{"start":{"line":3,"column":18},"end":{"line":10,"column":1}},"2":{"start":{"line":4,"column":2},"end":{"line":9,"column":5}},"3":{"start":{"line":5,"column":4},"end":{"line":8,"column":6}},"4":{"start":{"line":6,"column":6},"end":{"line":6,"column":25}},"5":{"start":{"line":6,"column":15},"end":{"line":6,"column":25}},"6":{"start":{"line":7,"column":6},"end":{"line":7,"column":28}},"7":{"start":{"line":12,"column":0},"end":{"line":12,"column":27}}},"fnMap":{"0":{"name":"(anonymous_0)","decl":{"start":{"line":3,"column":18},"end":{"line":3,"column":19}},"loc":{"start":{"line":3,"column":28},"end":{"line":10,"column":1}},"line":3},"1":{"name":"(anonymous_1)","decl":{"start":{"line":4,"column":21},"end":{"line":4,"column":22}},"loc":{"start":{"line":4,"column":28},"end":{"line":9,"column":3}},"line":4},"2":{"name":"(anonymous_2)","decl":{"start":{"line":5,"column":22},"end":{"line":5,"column":23}},"loc":{"start":{"line":5,"column":38},"end":{"line":8,"column":5}},"line":5}},"branchMap":{"0":{"loc":{"start":{"line":6,"column":6},"end":{"line":6,"column":25}},"type":"if","locations":[{"start":{"line":6,"column":6},"end":{"line":6,"column":25}},{"start":{"line":6,"column":6},"end":{"line":6,"column":25}}],"line":6}},"s":{"0":2,"1":2,"2":0,"3":0,"4":0,"5":0,"6":0,"7":2},"f":{"0":0,"1":0,"2":0},"b":{"0":[0,0]},"_coverageSchema":"1a1c01bbd47fc00a2c39e90264f33305004495a9","hash":"212191f4160ad863ad1c7745c8a8aac4f3aed21b"}
}
