{"/home/bobi/Downloads/stake-limit-service-main/src/app.js": {"path":"/home/bobi/Downloads/stake-limit-service-main/src/app.js","statementMap":{"0":{"start":{"line":1,"column":16},"end":{"line":1,"column":34}},"1":{"start":{"line":2,"column":15},"end":{"line":2,"column":32}},"2":{"start":{"line":3,"column":13},"end":{"line":3,"column":28}},"3":{"start":{"line":4,"column":19},"end":{"line":4,"column":41}},"4":{"start":{"line":5,"column":22},"end":{"line":5,"column":53}},"5":{"start":{"line":6,"column":18},"end":{"line":6,"column":45}},"6":{"start":{"line":8,"column":12},"end":{"line":8,"column":21}},"7":{"start":{"line":12,"column":0},"end":{"line":12,"column":23}},"8":{"start":{"line":13,"column":0},"end":{"line":13,"column":16}},"9":{"start":{"line":14,"column":0},"end":{"line":14,"column":52}},"10":{"start":{"line":15,"column":0},"end":{"line":15,"column":43}},"11":{"start":{"line":19,"column":0},"end":{"line":19,"column":42}},"12":{"start":{"line":20,"column":0},"end":{"line":20,"column":34}},"13":{"start":{"line":24,"column":0},"end":{"line":28,"column":3}},"14":{"start":{"line":25,"column":4},"end":{"line":25,"column":42}},"15":{"start":{"line":27,"column":4},"end":{"line":27,"column":40}},"16":{"start":{"line":27,"column":23},"end":{"line":27,"column":38}},"17":{"start":{"line":30,"column":0},"end":{"line":30,"column":20}}},"fnMap":{"0":{"name":"(anonymous_0)","decl":{"start":{"line":24,"column":33},"end":{"line":24,"column":34}},"loc":{"start":{"line":24,"column":51},"end":{"line":28,"column":1}},"line":24},"1":{"name":"(anonymous_1)","decl":{"start":{"line":27,"column":17},"end":{"line":27,"column":18}},"loc":{"start":{"line":27,"column":23},"end":{"line":27,"column":38}},"line":27}},"branchMap":{},"s":{"0":1,"1":1,"2":1,"3":1,"4":1,"5":1,"6":1,"7":1,"8":1,"9":1,"10":1,"11":1,"12":1,"13":1,"14":0,"15":0,"16":0,"17":1},"f":{"0":0,"1":0},"b":{},"_coverageSchema":"1a1c01bbd47fc00a2c39e90264f33305004495a9","hash":"e71e145ffeb128a796f50a0dc550d641dd126fe1"}
,"/home/bobi/Downloads/stake-limit-service-main/src/api/sls/controller.js": {"path":"/home/bobi/Downloads/stake-limit-service-main/src/api/sls/controller.js","statementMap":{"0":{"start":{"line":1,"column":13},"end":{"line":1,"column":42}},"1":{"start":{"line":2,"column":18},"end":{"line":2,"column":54}},"2":{"start":{"line":3,"column":21},"end":{"line":3,"column":49}},"3":{"start":{"line":4,"column":22},"end":{"line":4,"column":58}},"4":{"start":{"line":5,"column":18},"end":{"line":5,"column":41}},"5":{"start":{"line":12,"column":18},"end":{"line":27,"column":2}},"6":{"start":{"line":13,"column":18},"end":{"line":13,"column":31}},"7":{"start":{"line":15,"column":15},"end":{"line":15,"column":60}},"8":{"start":{"line":16,"column":70},"end":{"line":16,"column":78}},"9":{"start":{"line":18,"column":1},"end":{"line":19,"column":74}},"10":{"start":{"line":19,"column":2},"end":{"line":19,"column":73}},"11":{"start":{"line":21,"column":1},"end":{"line":26,"column":73}},"12":{"start":{"line":22,"column":2},"end":{"line":24,"column":107}},"13":{"start":{"line":23,"column":3},"end":{"line":23,"column":31}},"14":{"start":{"line":23,"column":12},"end":{"line":23,"column":31}},"15":{"start":{"line":24,"column":3},"end":{"line":24,"column":104}},"16":{"start":{"line":26,"column":2},"end":{"line":26,"column":72}},"17":{"start":{"line":33,"column":15},"end":{"line":47,"column":2}},"18":{"start":{"line":34,"column":12},"end":{"line":34,"column":35}},"19":{"start":{"line":36,"column":1},"end":{"line":37,"column":53}},"20":{"start":{"line":37,"column":2},"end":{"line":37,"column":52}},"21":{"start":{"line":39,"column":15},"end":{"line":39,"column":57}},"22":{"start":{"line":41,"column":1},"end":{"line":46,"column":4}},"23":{"start":{"line":42,"column":2},"end":{"line":44,"column":6}},"24":{"start":{"line":42,"column":53},"end":{"line":44,"column":6}},"25":{"start":{"line":45,"column":2},"end":{"line":45,"column":65}},"26":{"start":{"line":53,"column":18},"end":{"line":61,"column":2}},"27":{"start":{"line":54,"column":15},"end":{"line":54,"column":61}},"28":{"start":{"line":56,"column":1},"end":{"line":60,"column":4}},"29":{"start":{"line":57,"column":8},"end":{"line":58,"column":51}},"30":{"start":{"line":57,"column":17},"end":{"line":58,"column":51}},"31":{"start":{"line":59,"column":2},"end":{"line":59,"column":62}},"32":{"start":{"line":67,"column":17},"end":{"line":82,"column":2}},"33":{"start":{"line":68,"column":12},"end":{"line":68,"column":35}},"34":{"start":{"line":70,"column":1},"end":{"line":71,"column":53}},"35":{"start":{"line":71,"column":2},"end":{"line":71,"column":52}},"36":{"start":{"line":73,"column":71},"end":{"line":73,"column":79}},"37":{"start":{"line":74,"column":15},"end":{"line":74,"column":60}},"38":{"start":{"line":77,"column":1},"end":{"line":81,"column":4}},"39":{"start":{"line":78,"column":2},"end":{"line":78,"column":72}},"40":{"start":{"line":78,"column":11},"end":{"line":78,"column":72}},"41":{"start":{"line":79,"column":2},"end":{"line":79,"column":103}},"42":{"start":{"line":88,"column":18},"end":{"line":96,"column":2}},"43":{"start":{"line":89,"column":12},"end":{"line":89,"column":35}},"44":{"start":{"line":90,"column":15},"end":{"line":90,"column":60}},"45":{"start":{"line":92,"column":1},"end":{"line":95,"column":4}},"46":{"start":{"line":93,"column":2},"end":{"line":93,"column":71}},"47":{"start":{"line":93,"column":11},"end":{"line":93,"column":71}},"48":{"start":{"line":94,"column":2},"end":{"line":94,"column":89}},"49":{"start":{"line":99,"column":0},"end":{"line":99,"column":65}}},"fnMap":{"0":{"name":"(anonymous_0)","decl":{"start":{"line":12,"column":31},"end":{"line":12,"column":32}},"loc":{"start":{"line":12,"column":57},"end":{"line":27,"column":1}},"line":12},"1":{"name":"(anonymous_1)","decl":{"start":{"line":22,"column":89},"end":{"line":22,"column":90}},"loc":{"start":{"line":22,"column":107},"end":{"line":24,"column":105}},"line":22},"2":{"name":"(anonymous_2)","decl":{"start":{"line":33,"column":28},"end":{"line":33,"column":29}},"loc":{"start":{"line":33,"column":54},"end":{"line":47,"column":1}},"line":33},"3":{"name":"(anonymous_3)","decl":{"start":{"line":41,"column":25},"end":{"line":41,"column":26}},"loc":{"start":{"line":41,"column":43},"end":{"line":46,"column":2}},"line":41},"4":{"name":"(anonymous_4)","decl":{"start":{"line":53,"column":31},"end":{"line":53,"column":32}},"loc":{"start":{"line":53,"column":57},"end":{"line":61,"column":1}},"line":53},"5":{"name":"(anonymous_5)","decl":{"start":{"line":56,"column":19},"end":{"line":56,"column":20}},"loc":{"start":{"line":56,"column":37},"end":{"line":60,"column":2}},"line":56},"6":{"name":"(anonymous_6)","decl":{"start":{"line":67,"column":30},"end":{"line":67,"column":31}},"loc":{"start":{"line":67,"column":56},"end":{"line":82,"column":1}},"line":67},"7":{"name":"(anonymous_7)","decl":{"start":{"line":77,"column":84},"end":{"line":77,"column":85}},"loc":{"start":{"line":77,"column":102},"end":{"line":81,"column":2}},"line":77},"8":{"name":"(anonymous_8)","decl":{"start":{"line":88,"column":31},"end":{"line":88,"column":32}},"loc":{"start":{"line":88,"column":57},"end":{"line":96,"column":1}},"line":88},"9":{"name":"(anonymous_9)","decl":{"start":{"line":92,"column":25},"end":{"line":92,"column":26}},"loc":{"start":{"line":92,"column":43},"end":{"line":95,"column":2}},"line":92}},"branchMap":{"0":{"loc":{"start":{"line":18,"column":1},"end":{"line":19,"column":74}},"type":"if","locations":[{"start":{"line":18,"column":1},"end":{"line":19,"column":74}},{"start":{"line":18,"column":1},"end":{"line":19,"column":74}}],"line":18},"1":{"loc":{"start":{"line":18,"column":5},"end":{"line":18,"column":74}},"type":"binary-expr","locations":[{"start":{"line":18,"column":5},"end":{"line":18,"column":18}},{"start":{"line":18,"column":22},"end":{"line":18,"column":33}},{"start":{"line":18,"column":37},"end":{"line":18,"column":51}},{"start":{"line":18,"column":55},"end":{"line":18,"column":74}}],"line":18},"2":{"loc":{"start":{"line":21,"column":1},"end":{"line":26,"column":73}},"type":"if","locations":[{"start":{"line":21,"column":1},"end":{"line":26,"column":73}},{"start":{"line":21,"column":1},"end":{"line":26,"column":73}}],"line":21},"3":{"loc":{"start":{"line":21,"column":5},"end":{"line":21,"column":160}},"type":"binary-expr","locations":[{"start":{"line":21,"column":5},"end":{"line":21,"column":22}},{"start":{"line":21,"column":26},"end":{"line":21,"column":46}},{"start":{"line":21,"column":50},"end":{"line":21,"column":65}},{"start":{"line":21,"column":69},"end":{"line":21,"column":89}},{"start":{"line":21,"column":93},"end":{"line":21,"column":111}},{"start":{"line":21,"column":115},"end":{"line":21,"column":135}},{"start":{"line":21,"column":139},"end":{"line":21,"column":160}}],"line":21},"4":{"loc":{"start":{"line":23,"column":3},"end":{"line":23,"column":31}},"type":"if","locations":[{"start":{"line":23,"column":3},"end":{"line":23,"column":31}},{"start":{"line":23,"column":3},"end":{"line":23,"column":31}}],"line":23},"5":{"loc":{"start":{"line":36,"column":1},"end":{"line":37,"column":53}},"type":"if","locations":[{"start":{"line":36,"column":1},"end":{"line":37,"column":53}},{"start":{"line":36,"column":1},"end":{"line":37,"column":53}}],"line":36},"6":{"loc":{"start":{"line":42,"column":2},"end":{"line":44,"column":6}},"type":"if","locations":[{"start":{"line":42,"column":2},"end":{"line":44,"column":6}},{"start":{"line":42,"column":2},"end":{"line":44,"column":6}}],"line":42},"7":{"loc":{"start":{"line":42,"column":6},"end":{"line":42,"column":51}},"type":"binary-expr","locations":[{"start":{"line":42,"column":6},"end":{"line":42,"column":9}},{"start":{"line":42,"column":13},"end":{"line":42,"column":51}}],"line":42},"8":{"loc":{"start":{"line":57,"column":8},"end":{"line":58,"column":51}},"type":"if","locations":[{"start":{"line":57,"column":8},"end":{"line":58,"column":51}},{"start":{"line":57,"column":8},"end":{"line":58,"column":51}}],"line":57},"9":{"loc":{"start":{"line":70,"column":1},"end":{"line":71,"column":53}},"type":"if","locations":[{"start":{"line":70,"column":1},"end":{"line":71,"column":53}},{"start":{"line":70,"column":1},"end":{"line":71,"column":53}}],"line":70},"10":{"loc":{"start":{"line":78,"column":2},"end":{"line":78,"column":72}},"type":"if","locations":[{"start":{"line":78,"column":2},"end":{"line":78,"column":72}},{"start":{"line":78,"column":2},"end":{"line":78,"column":72}}],"line":78},"11":{"loc":{"start":{"line":93,"column":2},"end":{"line":93,"column":71}},"type":"if","locations":[{"start":{"line":93,"column":2},"end":{"line":93,"column":71}},{"start":{"line":93,"column":2},"end":{"line":93,"column":71}}],"line":93}},"s":{"0":1,"1":1,"2":1,"3":1,"4":1,"5":1,"6":0,"7":0,"8":0,"9":0,"10":0,"11":0,"12":0,"13":0,"14":0,"15":0,"16":0,"17":1,"18":0,"19":0,"20":0,"21":0,"22":0,"23":0,"24":0,"25":0,"26":1,"27":0,"28":0,"29":0,"30":0,"31":0,"32":1,"33":0,"34":0,"35":0,"36":0,"37":0,"38":0,"39":0,"40":0,"41":0,"42":1,"43":0,"44":0,"45":0,"46":0,"47":0,"48":0,"49":1},"f":{"0":0,"1":0,"2":0,"3":0,"4":0,"5":0,"6":0,"7":0,"8":0,"9":0},"b":{"0":[0,0],"1":[0,0,0,0],"2":[0,0],"3":[0,0,0,0,0,0,0],"4":[0,0],"5":[0,0],"6":[0,0],"7":[0,0],"8":[0,0],"9":[0,0],"10":[0,0],"11":[0,0]},"_coverageSchema":"1a1c01bbd47fc00a2c39e90264f33305004495a9","hash":"b1ebb2d26c980a767f8b0a735f1188a282cf8fa3"}
,"/home/bobi/Downloads/stake-limit-service-main/src/api/sls/router.js": {"path":"/home/bobi/Downloads/stake-limit-service-main/src/api/sls/router.js","statementMap":{"0":{"start":{"line":1,"column":15},"end":{"line":1,"column":33}},"1":{"start":{"line":2,"column":20},"end":{"line":2,"column":43}},"2":{"start":{"line":4,"column":15},"end":{"line":4,"column":23}},"3":{"start":{"line":6,"column":0},"end":{"line":11,"column":38}},"4":{"start":{"line":13,"column":0},"end":{"line":13,"column":23}}},"fnMap":{},"branchMap":{},"s":{"0":1,"1":1,"2":1,"3":1,"4":1},"f":{},"b":{},"_coverageSchema":"1a1c01bbd47fc00a2c39e90264f33305004495a9","hash":"c82b3a1b76c94e7139100e4fefd90813f67b08a8"}
,"/home/bobi/Downloads/stake-limit-service-main/src/api/tickets/controller.js": {"path":"/home/bobi/Downloads/stake-limit-service-main/src/api/tickets/controller.js","statementMap":{"0":{"start":{"line":1,"column":13},"end":{"line":1,"column":42}},"1":{"start":{"line":2,"column":18},"end":{"line":2,"column":54}},"2":{"start":{"line":3,"column":21},"end":{"line":3,"column":49}},"3":{"start":{"line":4,"column":18},"end":{"line":4,"column":41}},"4":{"start":{"line":5,"column":22},"end":{"line":5,"column":58}},"5":{"start":{"line":6,"column":23},"end":{"line":6,"column":38}},"6":{"start":{"line":13,"column":21},"end":{"line":42,"column":2}},"7":{"start":{"line":14,"column":18},"end":{"line":14,"column":31}},"8":{"start":{"line":15,"column":19},"end":{"line":15,"column":27}},"9":{"start":{"line":16,"column":14},"end":{"line":16,"column":22}},"10":{"start":{"line":18,"column":16},"end":{"line":18,"column":65}},"11":{"start":{"line":19,"column":16},"end":{"line":19,"column":64}},"12":{"start":{"line":21,"column":1},"end":{"line":23,"column":2}},"13":{"start":{"line":22,"column":2},"end":{"line":22,"column":81}},"14":{"start":{"line":25,"column":1},"end":{"line":41,"column":4}},"15":{"start":{"line":26,"column":2},"end":{"line":26,"column":71}},"16":{"start":{"line":26,"column":11},"end":{"line":26,"column":71}},"17":{"start":{"line":27,"column":70},"end":{"line":27,"column":85}},"18":{"start":{"line":28,"column":14},"end":{"line":28,"column":46}},"19":{"start":{"line":29,"column":12},"end":{"line":29,"column":17}},"20":{"start":{"line":30,"column":2},"end":{"line":30,"column":53}},"21":{"start":{"line":30,"column":33},"end":{"line":30,"column":52}},"22":{"start":{"line":31,"column":2},"end":{"line":31,"column":18}},"23":{"start":{"line":33,"column":22},"end":{"line":33,"column":93}},"24":{"start":{"line":37,"column":2},"end":{"line":40,"column":5}},"25":{"start":{"line":38,"column":3},"end":{"line":38,"column":72}},"26":{"start":{"line":38,"column":12},"end":{"line":38,"column":72}},"27":{"start":{"line":39,"column":3},"end":{"line":39,"column":73}},"28":{"start":{"line":48,"column":18},"end":{"line":56,"column":2}},"29":{"start":{"line":49,"column":12},"end":{"line":49,"column":35}},"30":{"start":{"line":50,"column":15},"end":{"line":50,"column":60}},"31":{"start":{"line":52,"column":1},"end":{"line":55,"column":4}},"32":{"start":{"line":53,"column":2},"end":{"line":53,"column":71}},"33":{"start":{"line":53,"column":11},"end":{"line":53,"column":71}},"34":{"start":{"line":54,"column":2},"end":{"line":54,"column":65}},"35":{"start":{"line":63,"column":19},"end":{"line":70,"column":2}},"36":{"start":{"line":64,"column":15},"end":{"line":64,"column":65}},"37":{"start":{"line":66,"column":1},"end":{"line":69,"column":4}},"38":{"start":{"line":67,"column":8},"end":{"line":67,"column":77}},"39":{"start":{"line":67,"column":17},"end":{"line":67,"column":77}},"40":{"start":{"line":68,"column":2},"end":{"line":68,"column":62}},"41":{"start":{"line":73,"column":0},"end":{"line":73,"column":52}}},"fnMap":{"0":{"name":"(anonymous_0)","decl":{"start":{"line":13,"column":34},"end":{"line":13,"column":35}},"loc":{"start":{"line":13,"column":60},"end":{"line":42,"column":1}},"line":13},"1":{"name":"(anonymous_1)","decl":{"start":{"line":25,"column":32},"end":{"line":25,"column":33}},"loc":{"start":{"line":25,"column":50},"end":{"line":41,"column":2}},"line":25},"2":{"name":"(anonymous_2)","decl":{"start":{"line":30,"column":23},"end":{"line":30,"column":24}},"loc":{"start":{"line":30,"column":33},"end":{"line":30,"column":52}},"line":30},"3":{"name":"(anonymous_3)","decl":{"start":{"line":37,"column":44},"end":{"line":37,"column":45}},"loc":{"start":{"line":37,"column":62},"end":{"line":40,"column":3}},"line":37},"4":{"name":"(anonymous_4)","decl":{"start":{"line":48,"column":31},"end":{"line":48,"column":32}},"loc":{"start":{"line":48,"column":57},"end":{"line":56,"column":1}},"line":48},"5":{"name":"(anonymous_5)","decl":{"start":{"line":52,"column":25},"end":{"line":52,"column":26}},"loc":{"start":{"line":52,"column":43},"end":{"line":55,"column":2}},"line":52},"6":{"name":"(anonymous_6)","decl":{"start":{"line":63,"column":32},"end":{"line":63,"column":33}},"loc":{"start":{"line":63,"column":58},"end":{"line":70,"column":1}},"line":63},"7":{"name":"(anonymous_7)","decl":{"start":{"line":66,"column":19},"end":{"line":66,"column":20}},"loc":{"start":{"line":66,"column":37},"end":{"line":69,"column":2}},"line":66}},"branchMap":{"0":{"loc":{"start":{"line":21,"column":1},"end":{"line":23,"column":2}},"type":"if","locations":[{"start":{"line":21,"column":1},"end":{"line":23,"column":2}},{"start":{"line":21,"column":1},"end":{"line":23,"column":2}}],"line":21},"1":{"loc":{"start":{"line":21,"column":5},"end":{"line":21,"column":42}},"type":"binary-expr","locations":[{"start":{"line":21,"column":5},"end":{"line":21,"column":11}},{"start":{"line":21,"column":15},"end":{"line":21,"column":24}},{"start":{"line":21,"column":28},"end":{"line":21,"column":42}}],"line":21},"2":{"loc":{"start":{"line":26,"column":2},"end":{"line":26,"column":71}},"type":"if","locations":[{"start":{"line":26,"column":2},"end":{"line":26,"column":71}},{"start":{"line":26,"column":2},"end":{"line":26,"column":71}}],"line":26},"3":{"loc":{"start":{"line":33,"column":22},"end":{"line":33,"column":93}},"type":"cond-expr","locations":[{"start":{"line":33,"column":34},"end":{"line":33,"column":38}},{"start":{"line":33,"column":42},"end":{"line":33,"column":92}}],"line":33},"4":{"loc":{"start":{"line":33,"column":42},"end":{"line":33,"column":92}},"type":"cond-expr","locations":[{"start":{"line":33,"column":75},"end":{"line":33,"column":80}},{"start":{"line":33,"column":83},"end":{"line":33,"column":92}}],"line":33},"5":{"loc":{"start":{"line":33,"column":42},"end":{"line":33,"column":72}},"type":"binary-expr","locations":[{"start":{"line":33,"column":42},"end":{"line":33,"column":52}},{"start":{"line":33,"column":56},"end":{"line":33,"column":72}}],"line":33},"6":{"loc":{"start":{"line":38,"column":3},"end":{"line":38,"column":72}},"type":"if","locations":[{"start":{"line":38,"column":3},"end":{"line":38,"column":72}},{"start":{"line":38,"column":3},"end":{"line":38,"column":72}}],"line":38},"7":{"loc":{"start":{"line":53,"column":2},"end":{"line":53,"column":71}},"type":"if","locations":[{"start":{"line":53,"column":2},"end":{"line":53,"column":71}},{"start":{"line":53,"column":2},"end":{"line":53,"column":71}}],"line":53},"8":{"loc":{"start":{"line":67,"column":8},"end":{"line":67,"column":77}},"type":"if","locations":[{"start":{"line":67,"column":8},"end":{"line":67,"column":77}},{"start":{"line":67,"column":8},"end":{"line":67,"column":77}}],"line":67}},"s":{"0":1,"1":1,"2":1,"3":1,"4":1,"5":1,"6":1,"7":0,"8":0,"9":0,"10":0,"11":0,"12":0,"13":0,"14":0,"15":0,"16":0,"17":0,"18":0,"19":0,"20":0,"21":0,"22":0,"23":0,"24":0,"25":0,"26":0,"27":0,"28":1,"29":0,"30":0,"31":0,"32":0,"33":0,"34":0,"35":1,"36":1,"37":1,"38":1,"39":1,"40":0,"41":1},"f":{"0":0,"1":0,"2":0,"3":0,"4":0,"5":0,"6":1,"7":1},"b":{"0":[0,0],"1":[0,0,0],"2":[0,0],"3":[0,0],"4":[0,0],"5":[0,0],"6":[0,0],"7":[0,0],"8":[1,0]},"_coverageSchema":"1a1c01bbd47fc00a2c39e90264f33305004495a9","hash":"33b39c825e5a30a2ac4d5461aea0d57bf5c284a9"}
,"/home/bobi/Downloads/stake-limit-service-main/src/api/tickets/router.js": {"path":"/home/bobi/Downloads/stake-limit-service-main/src/api/tickets/router.js","statementMap":{"0":{"start":{"line":1,"column":15},"end":{"line":1,"column":33}},"1":{"start":{"line":2,"column":20},"end":{"line":2,"column":43}},"2":{"start":{"line":4,"column":15},"end":{"line":4,"column":23}},"3":{"start":{"line":6,"column":0},"end":{"line":9,"column":38}},"4":{"start":{"line":12,"column":0},"end":{"line":12,"column":23}}},"fnMap":{},"branchMap":{},"s":{"0":1,"1":1,"2":1,"3":1,"4":1},"f":{},"b":{},"_coverageSchema":"1a1c01bbd47fc00a2c39e90264f33305004495a9","hash":"63f298cd297c6d06d908b4261d87bd497a136eb1"}
,"/home/bobi/Downloads/stake-limit-service-main/src/config/db.js": {"path":"/home/bobi/Downloads/stake-limit-service-main/src/config/db.js","statementMap":{"0":{"start":{"line":1,"column":17},"end":{"line":1,"column":30}},"1":{"start":{"line":2,"column":0},"end":{"line":9,"column":2}},"2":{"start":{"line":11,"column":13},"end":{"line":18,"column":2}},"3":{"start":{"line":20,"column":0},"end":{"line":20,"column":22}}},"fnMap":{},"branchMap":{},"s":{"0":1,"1":1,"2":1,"3":1},"f":{},"b":{},"_coverageSchema":"1a1c01bbd47fc00a2c39e90264f33305004495a9","hash":"76bd3f55d99bd9c914e58d4bb58717daf239a5b6"}
,"/home/bobi/Downloads/stake-limit-service-main/src/utils/async.js": {"path":"/home/bobi/Downloads/stake-limit-service-main/src/utils/async.js","statementMap":{"0":{"start":{"line":1,"column":21},"end":{"line":3,"column":3}},"1":{"start":{"line":1,"column":27},"end":{"line":3,"column":3}},"2":{"start":{"line":2,"column":4},"end":{"line":2,"column":52}},"3":{"start":{"line":5,"column":2},"end":{"line":5,"column":32}}},"fnMap":{"0":{"name":"(anonymous_0)","decl":{"start":{"line":1,"column":21},"end":{"line":1,"column":22}},"loc":{"start":{"line":1,"column":27},"end":{"line":3,"column":3}},"line":1},"1":{"name":"(anonymous_1)","decl":{"start":{"line":1,"column":27},"end":{"line":1,"column":28}},"loc":{"start":{"line":1,"column":47},"end":{"line":3,"column":3}},"line":1}},"branchMap":{},"s":{"0":1,"1":8,"2":1,"3":1},"f":{"0":8,"1":1},"b":{},"_coverageSchema":"1a1c01bbd47fc00a2c39e90264f33305004495a9","hash":"8460fab810c2eb442efc7a826d0fb88fa70bf13a"}
,"/home/bobi/Downloads/stake-limit-service-main/src/utils/errorResponse.js": {"path":"/home/bobi/Downloads/stake-limit-service-main/src/utils/errorResponse.js","statementMap":{"0":{"start":{"line":3,"column":6},"end":{"line":3,"column":21}},"1":{"start":{"line":4,"column":6},"end":{"line":4,"column":35}},"2":{"start":{"line":8,"column":2},"end":{"line":8,"column":33}}},"fnMap":{"0":{"name":"(anonymous_0)","decl":{"start":{"line":2,"column":4},"end":{"line":2,"column":5}},"loc":{"start":{"line":2,"column":37},"end":{"line":5,"column":5}},"line":2}},"branchMap":{},"s":{"0":1,"1":1,"2":1},"f":{"0":1},"b":{},"_coverageSchema":"1a1c01bbd47fc00a2c39e90264f33305004495a9","hash":"c4161cfb13f8327289dd6a1dd05743a139700d93"}
,"/home/bobi/Downloads/stake-limit-service-main/src/utils/load-query.js": {"path":"/home/bobi/Downloads/stake-limit-service-main/src/utils/load-query.js","statementMap":{"0":{"start":{"line":1,"column":11},"end":{"line":1,"column":24}},"1":{"start":{"line":3,"column":18},"end":{"line":10,"column":1}},"2":{"start":{"line":4,"column":2},"end":{"line":9,"column":5}},"3":{"start":{"line":5,"column":4},"end":{"line":8,"column":6}},"4":{"start":{"line":6,"column":6},"end":{"line":6,"column":25}},"5":{"start":{"line":6,"column":15},"end":{"line":6,"column":25}},"6":{"start":{"line":7,"column":6},"end":{"line":7,"column":28}},"7":{"start":{"line":12,"column":0},"end":{"line":12,"column":27}}},"fnMap":{"0":{"name":"(anonymous_0)","decl":{"start":{"line":3,"column":18},"end":{"line":3,"column":19}},"loc":{"start":{"line":3,"column":28},"end":{"line":10,"column":1}},"line":3},"1":{"name":"(anonymous_1)","decl":{"start":{"line":4,"column":21},"end":{"line":4,"column":22}},"loc":{"start":{"line":4,"column":28},"end":{"line":9,"column":3}},"line":4},"2":{"name":"(anonymous_2)","decl":{"start":{"line":5,"column":22},"end":{"line":5,"column":23}},"loc":{"start":{"line":5,"column":38},"end":{"line":8,"column":5}},"line":5}},"branchMap":{"0":{"loc":{"start":{"line":6,"column":6},"end":{"line":6,"column":25}},"type":"if","locations":[{"start":{"line":6,"column":6},"end":{"line":6,"column":25}},{"start":{"line":6,"column":6},"end":{"line":6,"column":25}}],"line":6}},"s":{"0":1,"1":1,"2":1,"3":1,"4":1,"5":0,"6":1,"7":1},"f":{"0":1,"1":1,"2":1},"b":{"0":[0,1]},"_coverageSchema":"1a1c01bbd47fc00a2c39e90264f33305004495a9","hash":"f86aad9837abb2b69a87cef58d699d7ce93edf8b"}
}
